<?xml version="1.0" encoding="UTF-8"?>
<coverage generated="1574865768517" clover="3.2.0">
  <project timestamp="1574865768517" name="All files">
    <metrics statements="41" coveredstatements="41" conditionals="10" coveredconditionals="9" methods="9" coveredmethods="9" elements="60" coveredelements="59" complexity="0" loc="41" ncloc="41" packages="1" files="3" classes="3"/>
    <file name="IncomeTaxCalculator.js" path="C:\Users\lisha\Documents\developer\interviewCodingChallenges\onlinePajak\codingChallenge\IncomeTaxCalculator.js">
      <metrics statements="35" coveredstatements="35" conditionals="10" coveredconditionals="9" methods="7" coveredmethods="7"/>
      <line num="1" count="1" type="stmt"/>
      <line num="3" count="1" type="stmt"/>
      <line num="4" count="1" type="stmt"/>
      <line num="8" count="6" type="stmt"/>
      <line num="9" count="6" type="stmt"/>
      <line num="14" count="5" type="stmt"/>
      <line num="15" count="5" type="stmt"/>
      <line num="16" count="5" type="stmt"/>
      <line num="21" count="4" type="stmt"/>
      <line num="22" count="4" type="stmt"/>
      <line num="23" count="4" type="stmt"/>
      <line num="28" count="2" type="stmt"/>
      <line num="29" count="2" type="stmt"/>
      <line num="30" count="2" type="stmt"/>
      <line num="34" count="1" type="stmt"/>
      <line num="35" count="1" type="stmt"/>
      <line num="39" count="6" type="cond" truecount="2" falsecount="0"/>
      <line num="40" count="1" type="stmt"/>
      <line num="41" count="5" type="cond" truecount="2" falsecount="0"/>
      <line num="42" count="1" type="stmt"/>
      <line num="43" count="4" type="cond" truecount="2" falsecount="0"/>
      <line num="44" count="2" type="stmt"/>
      <line num="45" count="2" type="stmt"/>
      <line num="46" count="2" type="cond" truecount="2" falsecount="0"/>
      <line num="47" count="1" type="stmt"/>
      <line num="48" count="1" type="stmt"/>
      <line num="51" count="1" type="stmt"/>
      <line num="52" count="1" type="cond" truecount="1" falsecount="1"/>
      <line num="53" count="1" type="stmt"/>
      <line num="54" count="1" type="stmt"/>
      <line num="57" count="1" type="stmt"/>
      <line num="60" count="1" type="stmt"/>
      <line num="62" count="6" type="stmt"/>
      <line num="66" count="6" type="stmt"/>
      <line num="70" count="1" type="stmt"/>
    </file>
    <file name="Salary.js" path="C:\Users\lisha\Documents\developer\interviewCodingChallenges\onlinePajak\codingChallenge\Salary.js">
      <metrics statements="5" coveredstatements="5" conditionals="0" coveredconditionals="0" methods="2" coveredmethods="2"/>
      <line num="1" count="2" type="stmt"/>
      <line num="5" count="8" type="stmt"/>
      <line num="6" count="8" type="stmt"/>
      <line num="10" count="8" type="stmt"/>
      <line num="14" count="2" type="stmt"/>
    </file>
    <file name="dataTax.js" path="C:\Users\lisha\Documents\developer\interviewCodingChallenges\onlinePajak\codingChallenge\dataTax.js">
      <metrics statements="1" coveredstatements="1" conditionals="0" coveredconditionals="0" methods="0" coveredmethods="0"/>
      <line num="1" count="2" type="stmt"/>
    </file>
  </project>
</coverage>
