{"C:\\Users\\lisha\\Documents\\developer\\interviewCodingChallenges\\onlinePajak\\codingChallenge\\IncomeTaxCalculator.js": {"path":"C:\\Users\\lisha\\Documents\\developer\\interviewCodingChallenges\\onlinePajak\\codingChallenge\\IncomeTaxCalculator.js","statementMap":{"0":{"start":{"line":1,"column":23},"end":{"line":1,"column":43}},"1":{"start":{"line":3,"column":23},"end":{"line":3,"column":24}},"2":{"start":{"line":4,"column":19},"end":{"line":4,"column":20}},"3":{"start":{"line":8,"column":4},"end":{"line":8,"column":25}},"4":{"start":{"line":9,"column":4},"end":{"line":9,"column":36}},"5":{"start":{"line":14,"column":6},"end":{"line":14,"column":75}},"6":{"start":{"line":15,"column":4},"end":{"line":15,"column":55}},"7":{"start":{"line":16,"column":4},"end":{"line":16,"column":77}},"8":{"start":{"line":21,"column":6},"end":{"line":21,"column":75}},"9":{"start":{"line":22,"column":4},"end":{"line":22,"column":56}},"10":{"start":{"line":23,"column":4},"end":{"line":23,"column":77}},"11":{"start":{"line":28,"column":6},"end":{"line":28,"column":75}},"12":{"start":{"line":29,"column":4},"end":{"line":29,"column":56}},"13":{"start":{"line":30,"column":4},"end":{"line":30,"column":77}},"14":{"start":{"line":34,"column":4},"end":{"line":34,"column":56}},"15":{"start":{"line":35,"column":4},"end":{"line":35,"column":29}},"16":{"start":{"line":39,"column":4},"end":{"line":61,"column":5}},"17":{"start":{"line":40,"column":6},"end":{"line":40,"column":38}},"18":{"start":{"line":41,"column":11},"end":{"line":61,"column":5}},"19":{"start":{"line":42,"column":6},"end":{"line":42,"column":40}},"20":{"start":{"line":43,"column":11},"end":{"line":61,"column":5}},"21":{"start":{"line":44,"column":6},"end":{"line":44,"column":62}},"22":{"start":{"line":45,"column":6},"end":{"line":45,"column":40}},"23":{"start":{"line":46,"column":11},"end":{"line":61,"column":5}},"24":{"start":{"line":47,"column":6},"end":{"line":47,"column":62}},"25":{"start":{"line":48,"column":6},"end":{"line":50,"column":8}},"26":{"start":{"line":51,"column":6},"end":{"line":51,"column":40}},"27":{"start":{"line":52,"column":11},"end":{"line":61,"column":5}},"28":{"start":{"line":53,"column":6},"end":{"line":53,"column":62}},"29":{"start":{"line":54,"column":6},"end":{"line":56,"column":8}},"30":{"start":{"line":57,"column":6},"end":{"line":59,"column":8}},"31":{"start":{"line":60,"column":6},"end":{"line":60,"column":40}},"32":{"start":{"line":62,"column":4},"end":{"line":62,"column":26}},"33":{"start":{"line":66,"column":4},"end":{"line":66,"column":26}},"34":{"start":{"line":70,"column":0},"end":{"line":70,"column":37}}},"fnMap":{"0":{"name":"(anonymous_0)","decl":{"start":{"line":7,"column":2},"end":{"line":7,"column":3}},"loc":{"start":{"line":7,"column":22},"end":{"line":10,"column":3}},"line":7},"1":{"name":"(anonymous_1)","decl":{"start":{"line":12,"column":2},"end":{"line":12,"column":3}},"loc":{"start":{"line":12,"column":26},"end":{"line":17,"column":3}},"line":12},"2":{"name":"(anonymous_2)","decl":{"start":{"line":19,"column":2},"end":{"line":19,"column":3}},"loc":{"start":{"line":19,"column":26},"end":{"line":24,"column":3}},"line":19},"3":{"name":"(anonymous_3)","decl":{"start":{"line":26,"column":2},"end":{"line":26,"column":3}},"loc":{"start":{"line":26,"column":26},"end":{"line":31,"column":3}},"line":26},"4":{"name":"(anonymous_4)","decl":{"start":{"line":33,"column":2},"end":{"line":33,"column":3}},"loc":{"start":{"line":33,"column":26},"end":{"line":36,"column":3}},"line":33},"5":{"name":"(anonymous_5)","decl":{"start":{"line":38,"column":2},"end":{"line":38,"column":3}},"loc":{"start":{"line":38,"column":17},"end":{"line":63,"column":3}},"line":38},"6":{"name":"(anonymous_6)","decl":{"start":{"line":65,"column":2},"end":{"line":65,"column":3}},"loc":{"start":{"line":65,"column":17},"end":{"line":67,"column":3}},"line":65}},"branchMap":{"0":{"loc":{"start":{"line":39,"column":4},"end":{"line":61,"column":5}},"type":"if","locations":[{"start":{"line":39,"column":4},"end":{"line":61,"column":5}},{"start":{"line":39,"column":4},"end":{"line":61,"column":5}}],"line":39},"1":{"loc":{"start":{"line":41,"column":11},"end":{"line":61,"column":5}},"type":"if","locations":[{"start":{"line":41,"column":11},"end":{"line":61,"column":5}},{"start":{"line":41,"column":11},"end":{"line":61,"column":5}}],"line":41},"2":{"loc":{"start":{"line":43,"column":11},"end":{"line":61,"column":5}},"type":"if","locations":[{"start":{"line":43,"column":11},"end":{"line":61,"column":5}},{"start":{"line":43,"column":11},"end":{"line":61,"column":5}}],"line":43},"3":{"loc":{"start":{"line":46,"column":11},"end":{"line":61,"column":5}},"type":"if","locations":[{"start":{"line":46,"column":11},"end":{"line":61,"column":5}},{"start":{"line":46,"column":11},"end":{"line":61,"column":5}}],"line":46},"4":{"loc":{"start":{"line":52,"column":11},"end":{"line":61,"column":5}},"type":"if","locations":[{"start":{"line":52,"column":11},"end":{"line":61,"column":5}},{"start":{"line":52,"column":11},"end":{"line":61,"column":5}}],"line":52}},"s":{"0":1,"1":1,"2":1,"3":6,"4":6,"5":5,"6":5,"7":5,"8":4,"9":4,"10":4,"11":2,"12":2,"13":2,"14":1,"15":1,"16":6,"17":1,"18":5,"19":1,"20":4,"21":2,"22":2,"23":2,"24":1,"25":1,"26":1,"27":1,"28":1,"29":1,"30":1,"31":1,"32":6,"33":6,"34":1},"f":{"0":6,"1":5,"2":4,"3":2,"4":1,"5":6,"6":6},"b":{"0":[1,5],"1":[1,4],"2":[2,2],"3":[1,1],"4":[1,0]},"_coverageSchema":"43e27e138ebf9cfc5966b082cf9a028302ed4184","hash":"69545bdd09e677cbfc3219929fa864b30101b4a8"}
,"C:\\Users\\lisha\\Documents\\developer\\interviewCodingChallenges\\onlinePajak\\codingChallenge\\Salary.js": {"path":"C:\\Users\\lisha\\Documents\\developer\\interviewCodingChallenges\\onlinePajak\\codingChallenge\\Salary.js","statementMap":{"0":{"start":{"line":1,"column":23},"end":{"line":1,"column":43}},"1":{"start":{"line":5,"column":4},"end":{"line":5,"column":39}},"2":{"start":{"line":6,"column":4},"end":{"line":6,"column":25}},"3":{"start":{"line":10,"column":4},"end":{"line":10,"column":44}},"4":{"start":{"line":14,"column":0},"end":{"line":14,"column":24}}},"fnMap":{"0":{"name":"(anonymous_0)","decl":{"start":{"line":4,"column":2},"end":{"line":4,"column":3}},"loc":{"start":{"line":4,"column":37},"end":{"line":7,"column":3}},"line":4},"1":{"name":"(anonymous_1)","decl":{"start":{"line":9,"column":2},"end":{"line":9,"column":3}},"loc":{"start":{"line":9,"column":26},"end":{"line":11,"column":3}},"line":9}},"branchMap":{},"s":{"0":2,"1":8,"2":8,"3":8,"4":2},"f":{"0":8,"1":8},"b":{},"_coverageSchema":"43e27e138ebf9cfc5966b082cf9a028302ed4184","hash":"b9344ee60ce8daf05aa0e6501ce1e13d60b90b2a"}
,"C:\\Users\\lisha\\Documents\\developer\\interviewCodingChallenges\\onlinePajak\\codingChallenge\\dataTax.js": {"path":"C:\\Users\\lisha\\Documents\\developer\\interviewCodingChallenges\\onlinePajak\\codingChallenge\\dataTax.js","statementMap":{"0":{"start":{"line":1,"column":0},"end":{"line":18,"column":2}}},"fnMap":{},"branchMap":{},"s":{"0":2},"f":{},"b":{},"_coverageSchema":"43e27e138ebf9cfc5966b082cf9a028302ed4184","hash":"1ea91b34577d6fec02ac978798d5173ad9897b3c"}
}
