TN:
SF:C:\Users\lisha\Documents\developer\interviewCodingChallenges\onlinePajak\codingChallenge\IncomeTaxCalculator.js
FN:7,(anonymous_0)
FN:12,(anonymous_1)
FN:19,(anonymous_2)
FN:26,(anonymous_3)
FN:33,(anonymous_4)
FN:38,(anonymous_5)
FN:65,(anonymous_6)
FNF:7
FNH:7
FNDA:6,(anonymous_0)
FNDA:5,(anonymous_1)
FNDA:4,(anonymous_2)
FNDA:2,(anonymous_3)
FNDA:1,(anonymous_4)
FNDA:6,(anonymous_5)
FNDA:6,(anonymous_6)
DA:1,1
DA:3,1
DA:4,1
DA:8,6
DA:9,6
DA:14,5
DA:15,5
DA:16,5
DA:21,4
DA:22,4
DA:23,4
DA:28,2
DA:29,2
DA:30,2
DA:34,1
DA:35,1
DA:39,6
DA:40,1
DA:41,5
DA:42,1
DA:43,4
DA:44,2
DA:45,2
DA:46,2
DA:47,1
DA:48,1
DA:51,1
DA:52,1
DA:53,1
DA:54,1
DA:57,1
DA:60,1
DA:62,6
DA:66,6
DA:70,1
LF:35
LH:35
BRDA:39,0,0,1
BRDA:39,0,1,5
BRDA:41,1,0,1
BRDA:41,1,1,4
BRDA:43,2,0,2
BRDA:43,2,1,2
BRDA:46,3,0,1
BRDA:46,3,1,1
BRDA:52,4,0,1
BRDA:52,4,1,0
BRF:10
BRH:9
end_of_record
TN:
SF:C:\Users\lisha\Documents\developer\interviewCodingChallenges\onlinePajak\codingChallenge\Salary.js
FN:4,(anonymous_0)
FN:9,(anonymous_1)
FNF:2
FNH:2
FNDA:8,(anonymous_0)
FNDA:8,(anonymous_1)
DA:1,2
DA:5,8
DA:6,8
DA:10,8
DA:14,2
LF:5
LH:5
BRF:0
BRH:0
end_of_record
TN:
SF:C:\Users\lisha\Documents\developer\interviewCodingChallenges\onlinePajak\codingChallenge\dataTax.js
FNF:0
FNH:0
DA:1,2
LF:1
LH:1
BRF:0
BRH:0
end_of_record
